Generated at 2019-11-26 14:59:58 +0000
SystemExit: exit
/opt/chef/embedded/lib/ruby/gems/2.6.0/gems/chef-15.5.17/lib/chef/application.rb:406:in `exit'
/opt/chef/embedded/lib/ruby/gems/2.6.0/gems/chef-15.5.17/lib/chef/application.rb:406:in `fatal!'
/opt/chef/embedded/lib/ruby/gems/2.6.0/gems/chef-15.5.17/lib/chef/application.rb:74:in `block in setup_signal_handlers'
/opt/chef/embedded/lib/ruby/gems/2.6.0/gems/ohai-15.3.1/lib/ohai/loader.rb:104:in `read'
/opt/chef/embedded/lib/ruby/gems/2.6.0/gems/ohai-15.3.1/lib/ohai/loader.rb:104:in `load_plugin_class'
/opt/chef/embedded/lib/ruby/gems/2.6.0/gems/ohai-15.3.1/lib/ohai/loader.rb:62:in `block in load_all'
/opt/chef/embedded/lib/ruby/gems/2.6.0/gems/ohai-15.3.1/lib/ohai/loader.rb:61:in `each'
/opt/chef/embedded/lib/ruby/gems/2.6.0/gems/ohai-15.3.1/lib/ohai/loader.rb:61:in `load_all'
/opt/chef/embedded/lib/ruby/gems/2.6.0/gems/ohai-15.3.1/lib/ohai/system.rb:103:in `load_plugins'
/opt/chef/embedded/lib/ruby/gems/2.6.0/gems/ohai-15.3.1/lib/ohai/system.rb:95:in `all_plugins'
/opt/chef/embedded/lib/ruby/gems/2.6.0/gems/chef-15.5.17/lib/chef/client.rb:606:in `run_ohai'
/opt/chef/embedded/lib/ruby/gems/2.6.0/gems/chef-15.5.17/lib/chef/client.rb:258:in `run'
/opt/chef/embedded/lib/ruby/gems/2.6.0/gems/chef-15.5.17/lib/chef/application.rb:320:in `run_with_graceful_exit_option'
/opt/chef/embedded/lib/ruby/gems/2.6.0/gems/chef-15.5.17/lib/chef/application.rb:296:in `block in run_chef_client'
/opt/chef/embedded/lib/ruby/gems/2.6.0/gems/chef-15.5.17/lib/chef/local_mode.rb:42:in `with_server_connectivity'
/opt/chef/embedded/lib/ruby/gems/2.6.0/gems/chef-15.5.17/lib/chef/application.rb:279:in `run_chef_client'
/opt/chef/embedded/lib/ruby/gems/2.6.0/gems/chef-15.5.17/lib/chef/application/base.rb:330:in `run_application'
/opt/chef/embedded/lib/ruby/gems/2.6.0/gems/chef-15.5.17/lib/chef/application.rb:69:in `run'
/opt/chef/embedded/lib/ruby/gems/2.6.0/gems/chef-15.5.17/lib/chef/application/solo.rb:59:in `run'
/opt/chef/embedded/lib/ruby/gems/2.6.0/gems/chef-bin-15.5.17/bin/chef-solo:24:in `<top (required)>'
/usr/bin/chef-solo:166:in `load'
/usr/bin/chef-solo:166:in `<main>'